\BOOKMARK [1][-]{section.1}{\376\377\000I\000m\000p\000l\000e\000m\000e\000n\000t\000a\000c\000j\000a\000:\000\040\000I\000l\000o\000r\000a\000z\000y\000\040\000R\000\363\001\174\000n\000i\000c\000o\000w\000e\000\040\000\050\000Z\000a\000d\000.\000\040\0001\000\051}{}% 1
\BOOKMARK [2][-]{subsection.1.1}{\376\377\000K\000r\000\363\000t\000k\000i\000\040\000o\000p\000i\000s\000\040\000p\000r\000o\000b\000l\000e\000m\000u}{section.1}% 2
\BOOKMARK [2][-]{subsection.1.2}{\376\377\000R\000o\000z\000w\000i\001\005\000z\000a\000n\000i\000e\000\040\000z\000a\000i\000m\000p\000l\000e\000m\000e\000n\000t\000o\000w\000a\000n\000e\000\040\000w\000\040\000i\000l\000o\000r\000a\000z\000y\000R\000o\000z\000n\000i\000c\000o\000w\000e\000.\000j\000l}{section.1}% 3
\BOOKMARK [1][-]{section.2}{\376\377\000I\000m\000p\000l\000e\000m\000e\000n\000t\000a\000c\000j\000a\000:\000\040\000W\000a\000r\000t\000o\001\133\001\007\000\040\000W\000i\000e\000l\000o\000m\000i\000a\000n\000u\000\040\000w\000\040\000P\000o\000s\000t\000a\000c\000i\000\040\000N\000e\000w\000t\000o\000n\000a\000\040\000\050\000Z\000a\000d\000.\000\040\0002\000\051}{}% 4
\BOOKMARK [2][-]{subsection.2.1}{\376\377\000K\000r\000\363\000t\000k\000i\000\040\000o\000p\000i\000s\000\040\000p\000r\000o\000b\000l\000e\000m\000u}{section.2}% 5
\BOOKMARK [2][-]{subsection.2.2}{\376\377\000R\000o\000z\000w\000i\001\005\000z\000a\000n\000i\000e\000\040\000z\000a\000i\000m\000p\000l\000e\000m\000e\000n\000t\000o\000w\000a\000n\000e\000\040\000w\000\040\000n\000e\000w\000t\000o\000n\000.\000j\000l}{section.2}% 6
\BOOKMARK [1][-]{section.3}{\376\377\000I\000m\000p\000l\000e\000m\000e\000n\000t\000a\000c\000j\000a\000:\000\040\000K\000o\000n\000w\000e\000r\000s\000j\000a\000\040\000d\000o\000\040\000P\000o\000s\000t\000a\000c\000i\000\040\000N\000a\000t\000u\000r\000a\000l\000n\000e\000j\000\040\000\050\000Z\000a\000d\000.\000\040\0003\000\051}{}% 7
\BOOKMARK [2][-]{subsection.3.1}{\376\377\000K\000r\000\363\000t\000k\000i\000\040\000o\000p\000i\000s\000\040\000p\000r\000o\000b\000l\000e\000m\000u}{section.3}% 8
\BOOKMARK [2][-]{subsection.3.2}{\376\377\000R\000o\000z\000w\000i\001\005\000z\000a\000n\000i\000e\000\040\000z\000a\000i\000m\000p\000l\000e\000m\000e\000n\000t\000o\000w\000a\000n\000e\000\040\000w\000\040\000n\000o\000r\000m\000a\000l\000n\000a\000.\000j\000l}{section.3}% 9
\BOOKMARK [1][-]{section.4}{\376\377\000W\000y\000b\000\363\000r\000\040\000W\001\031\000z\001\102\000\363\000w\000\040\000I\000n\000t\000e\000r\000p\000o\000l\000a\000c\000y\000j\000n\000y\000c\000h\000\040\000\050\000Z\000a\000d\000.\000\040\0004\000\051}{}% 10
\BOOKMARK [2][-]{subsection.4.1}{\376\377\000K\000r\000\363\000t\000k\000i\000\040\000o\000p\000i\000s\000\040\000p\000r\000o\000b\000l\000e\000m\000u}{section.4}% 11
\BOOKMARK [2][-]{subsection.4.2}{\376\377\000R\000o\000z\000w\000i\001\005\000z\000a\000n\000i\000e\000:\000\040\000K\000o\000n\000f\000i\000g\000u\000r\000a\000c\000j\000a\000\040\000W\001\031\000z\001\102\000\363\000w}{section.4}% 12
\BOOKMARK [3][-]{subsubsection.4.2.1}{\376\377\000W\001\031\000z\001\102\000y\000\040\000R\000\363\000w\000n\000o\000o\000d\000l\000e\000g\001\102\000e}{subsection.4.2}% 13
\BOOKMARK [3][-]{subsubsection.4.2.2}{\376\377\000W\001\031\000z\001\102\000y\000\040\000C\000z\000e\000b\000y\000s\000z\000e\000w\000a}{subsection.4.2}% 14
\BOOKMARK [1][-]{section.5}{\376\377\000A\000n\000a\000l\000i\000z\000a\000\040\000I\000n\000t\000e\000r\000p\000o\000l\000a\000c\000j\000i\000\040\000d\000l\000a\000\040\000W\001\031\000z\001\102\000\363\000w\000\040\000R\000\363\000w\000n\000o\000o\000d\000l\000e\000g\001\102\000y\000c\000h\000\040\000\050\000Z\000a\000d\000.\000\040\0005\000\051}{}% 15
\BOOKMARK [2][-]{subsection.5.1}{\376\377\000W\000y\000n\000i\000k\000i\000\040\000i\000\040\000i\000c\000h\000\040\000i\000n\000t\000e\000r\000p\000r\000e\000t\000a\000c\000j\000a\000\040\000d\000l\000a\000\040\000f\000\050\000x\000\051\000\040\000=\000\040\000e\000x\000\040\000n\000a\000\040\000[\0000\000,\000\040\0001\000]}{section.5}% 16
\BOOKMARK [2][-]{subsection.5.2}{\376\377\000W\000y\000n\000i\000k\000i\000\040\000i\000\040\000i\000c\000h\000\040\000i\000n\000t\000e\000r\000p\000r\000e\000t\000a\000c\000j\000a\000\040\000d\000l\000a\000\040\000f\000\050\000x\000\051\000\040\000=\000\040\000x\0002\000\040\000\050\000x\000\051\000\040\000n\000a\000\040\000[\000-\0001\000,\000\040\0001\000]}{section.5}% 17
\BOOKMARK [2][-]{subsection.5.3}{\376\377\000I\000n\000t\000e\000r\000p\000r\000e\000t\000a\000c\000j\000a\000:}{section.5}% 18
\BOOKMARK [2][-]{subsection.5.4}{\376\377\000W\000n\000i\000o\000s\000k\000i\000:}{section.5}% 19
\BOOKMARK [1][-]{section.6}{\376\377\000A\000n\000a\000l\000i\000z\000a\000\040\000Z\000b\000i\000e\001\174\000n\000o\001\133\000c\000i\000\040\000i\000\040\000Z\000j\000a\000w\000i\000s\000k\000\040\000R\000o\000z\000b\000i\000e\001\174\000n\000o\001\133\000c\000i\000\040\000\050\000Z\000a\000d\000.\000\040\0006\000\051}{}% 20
\BOOKMARK [2][-]{subsection.6.1}{\376\377\000W\000y\000n\000i\000k\000i\000\040\000i\000\040\000i\000c\000h\000\040\000i\000n\000t\000e\000r\000p\000r\000e\000t\000a\000c\000j\000a\000\040\000d\000l\000a\000\040\000f\000\050\000x\000\051\000\040\000=\000\040\0001\0001\000+\000x\0002\000\040\000n\000a\000\040\000[\000-\0005\000,\000\040\0005\000]\000\040\000\050\000Z\000j\000a\000w\000i\000s\000k\000o\000\040\000R\000u\000n\000g\000e\000'\000g\000o\000\051}{section.6}% 21
\BOOKMARK [2][-]{subsection.6.2}{\376\377\000W\000y\000n\000i\000k\000i\000\040\000i\000\040\000i\000c\000h\000\040\000i\000n\000t\000e\000r\000p\000r\000e\000t\000a\000c\000j\000a\000\040\000d\000l\000a\000\040\000f\000\050\000x\000\051\000\040\000=\000\040\000|\000x\000|\000\040\000n\000a\000\040\000[\000-\0001\000,\000\040\0001\000]}{section.6}% 22
\BOOKMARK [2][-]{subsection.6.3}{\376\377\000W\000n\000i\000o\000s\000k\000i\000:}{section.6}% 23
