\BOOKMARK [1][-]{section.1}{\376\377\000Z\000a\000d\000a\000n\000i\000e\000\040\0001}{}% 1
\BOOKMARK [2][-]{subsection.1.1}{\376\377\000B\000a\000d\000a\000n\000e\000\040\000W\000e\000r\000s\000j\000e\000\040\000D\000a\000n\000y\000c\000h\000\040\000W\000e\000j\001\133\000c\000i\000o\000w\000y\000c\000h}{section.1}% 2
\BOOKMARK [2][-]{subsection.1.2}{\376\377\000O\000p\000i\000s\000\040\000I\000m\000p\000l\000e\000m\000e\000n\000t\000a\000c\000j\000i\000\040\000M\000e\000t\000o\000d\000\040\000S\000u\000m\000o\000w\000a\000n\000i\000a}{section.1}% 3
\BOOKMARK [3][-]{subsubsection.1.2.1}{\376\377\000M\000e\000t\000o\000d\000a\000\040\000I\000:\000\040\000S\000u\000m\000o\000w\000a\000n\000i\000e\000\040\000S\000t\000a\000n\000d\000a\000r\000d\000o\000w\000e\000\040\000\050\000F\000o\000r\000w\000a\000r\000d\000\051}{subsection.1.2}% 4
\BOOKMARK [3][-]{subsubsection.1.2.2}{\376\377\000M\000e\000t\000o\000d\000a\000\040\000I\000I\000:\000\040\000S\000u\000m\000o\000w\000a\000n\000i\000e\000\040\000w\000\040\000K\000o\000l\000e\000j\000n\000o\001\133\000c\000i\000\040\000M\000a\000l\000e\000j\001\005\000c\000e\000j\000\040\000\050\000B\000a\000c\000k\000w\000a\000r\000d\000\051}{subsection.1.2}% 5
\BOOKMARK [3][-]{subsubsection.1.2.3}{\376\377\000M\000e\000t\000o\000d\000a\000\040\000I\000I\000I\000:\000\040\000S\000o\000r\000t\000o\000w\000a\000n\000i\000e\000\040\000M\000a\000l\000e\000j\001\005\000c\000o\000\040\000w\000g\000\040\000W\000a\000r\000t\000o\001\133\000c\000i\000\040\000B\000e\000z\000w\000z\000g\000l\001\031\000d\000n\000e\000j}{subsection.1.2}% 6
\BOOKMARK [3][-]{subsubsection.1.2.4}{\376\377\000M\000e\000t\000o\000d\000a\000\040\000I\000V\000:\000\040\000S\000o\000r\000t\000o\000w\000a\000n\000i\000e\000\040\000R\000o\000s\000n\001\005\000c\000o\000\040\000w\000g\000\040\000W\000a\000r\000t\000o\001\133\000c\000i\000\040\000B\000e\000z\000w\000z\000g\000l\001\031\000d\000n\000e\000j\000\040\000\050\000Z\000a\000l\000e\000c\000a\000n\000a\000\051}{subsection.1.2}% 7
\BOOKMARK [2][-]{subsection.1.3}{\376\377\000P\000o\000r\000\363\000w\000n\000a\000n\000i\000e\000\040\000W\000y\000n\000i\000k\000\363\000w\000\040\000d\000l\000a\000\040\000D\000a\000n\000y\000c\000h\000\040\000O\000r\000y\000g\000i\000n\000a\000l\000n\000y\000c\000h\000\040\000i\000\040\000Z\000m\000o\000d\000y\000f\000i\000k\000o\000w\000a\000n\000y\000c\000h}{section.1}% 8
\BOOKMARK [2][-]{subsection.1.4}{\376\377\000I\000n\000t\000e\000r\000p\000r\000e\000t\000a\000c\000j\000a\000\040\000W\000y\000n\000i\000k\000\363\000w\000\040\000N\000u\000m\000e\000r\000y\000c\000z\000n\000y\000c\000h\000\040\000d\000l\000a\000\040\000S\000u\000m\000y\000\040\000B\000l\000i\000s\000k\000i\000e\000j\000\040\000Z\000e\000r\000u}{section.1}% 9
\BOOKMARK [3][-]{subsubsection.1.4.1}{\376\377\000A\000n\000a\000l\000i\000z\000a\000\040\000P\000r\000e\000c\000y\000z\000j\000i\000\040\000F\000l\000o\000a\000t\0003\0002\000\040\000\050\000P\000o\000j\000e\000d\000y\000n\000c\000z\000a\000\040\000P\000r\000e\000c\000y\000z\000j\000a\000\051}{subsection.1.4}% 10
\BOOKMARK [3][-]{subsubsection.1.4.2}{\376\377\000A\000n\000a\000l\000i\000z\000a\000\040\000P\000r\000e\000c\000y\000z\000j\000i\000\040\000F\000l\000o\000a\000t\0006\0004\000\040\000\050\000P\000o\000d\000w\000\363\000j\000n\000a\000\040\000P\000r\000e\000c\000y\000z\000j\000a\000\051}{subsection.1.4}% 11
\BOOKMARK [2][-]{subsection.1.5}{\376\377\000W\000n\000i\000o\000s\000k\000i}{section.1}% 12
\BOOKMARK [1][-]{section.2}{\376\377\000Z\000a\000d\000a\000n\000i\000e\000\040\0002}{}% 13
\BOOKMARK [2][-]{subsection.2.1}{\376\377\000O\000b\000l\000i\000c\000z\000e\000n\000i\000e\000\040\000G\000r\000a\000n\000i\000c\000y\000\040\000A\000n\000a\000l\000i\000t\000y\000c\000z\000n\000e\000j\000\040\000x\000\040\000f\000\050\000x\000\051\000\040\000M\000e\000t\000o\000d\001\005\000\040\000d\000e\000\040\000l\000'\000H\000\364\000p\000i\000t\000a\000l\000a}{section.2}% 14
\BOOKMARK [2][-]{subsection.2.2}{\376\377\000P\000o\000r\000\363\000w\000n\000a\000n\000i\000e\000\040\000z\000\040\000W\000y\000k\000r\000e\000s\000e\000m\000\040\000i\000\040\000W\000y\000j\000a\001\133\000n\000i\000e\000n\000i\000e\000\040\000Z\000j\000a\000w\000i\000s\000k\000a\000\040\000N\000u\000m\000e\000r\000y\000c\000z\000n\000e\000g\000o}{section.2}% 15
\BOOKMARK [3][-]{subsubsection.2.2.1}{\376\377\000O\000b\000s\000e\000r\000w\000a\000c\000j\000a\000\040\000W\000y\000k\000r\000e\000s\000\363\000w\000\040\000W\000i\000z\000u\000a\000l\000i\000z\000a\000c\000y\000j\000n\000y\000c\000h}{subsection.2.2}% 16
\BOOKMARK [3][-]{subsubsection.2.2.2}{\376\377\000W\000y\000j\000a\001\133\000n\000i\000e\000n\000i\000e\000\040\000N\000u\000m\000e\000r\000y\000c\000z\000n\000e\000j\000\040\000U\000t\000r\000a\000t\000y\000\040\000P\000r\000e\000c\000y\000z\000j\000i}{subsection.2.2}% 17
\BOOKMARK [2][-]{subsection.2.3}{\376\377\000W\000n\000i\000o\000s\000k\000i}{section.2}% 18
\BOOKMARK [1][-]{section.3}{\376\377\000Z\000a\000d\000a\000n\000i\000e\000\040\0003}{}% 19
\BOOKMARK [2][-]{subsection.3.1}{\376\377\000M\000e\000t\000o\000d\000o\000l\000o\000g\000i\000a\000\040\000R\000o\000z\000w\000i\001\005\000z\000a\000n\000i\000a}{section.3}% 20
\BOOKMARK [3][-]{subsubsection.3.1.1}{\376\377\000G\000e\000n\000e\000r\000o\000w\000a\000n\000i\000e\000\040\000D\000a\000n\000y\000c\000h}{subsection.3.1}% 21
\BOOKMARK [3][-]{subsubsection.3.1.2}{\376\377\000A\000l\000g\000o\000r\000y\000t\000m\000y\000\040\000R\000o\000z\000w\000i\001\005\000z\000y\000w\000a\000n\000i\000a\000\040\000U\000k\001\102\000a\000d\000u}{subsection.3.1}% 22
\BOOKMARK [3][-]{subsubsection.3.1.3}{\376\377\000M\000i\000a\000r\000a\000\040\000B\001\102\001\031\000d\000u}{subsection.3.1}% 23
\BOOKMARK [2][-]{subsection.3.2}{\376\377\000M\000a\000c\000i\000e\000r\000z\000\040\000H\000i\000l\000b\000e\000r\000t\000a\000\040\000H\000n}{section.3}% 24
\BOOKMARK [3][-]{subsubsection.3.2.1}{\376\377\000I\000n\000t\000e\000r\000p\000r\000e\000t\000a\000c\000j\000a\000\040\000W\000y\000n\000i\000k\000\363\000w\000\040\000d\000l\000a\000\040\000H\000n}{subsection.3.2}% 25
\BOOKMARK [2][-]{subsection.3.3}{\376\377\000M\000a\000c\000i\000e\000r\000z\000\040\000L\000o\000s\000o\000w\000a\000\040\000R\000n\000\040\000z\000\040\000Z\000a\000d\000a\000n\000y\000m\000\040\000U\000w\000a\000r\000u\000n\000k\000o\000w\000a\000n\000i\000e\000m}{section.3}% 26
\BOOKMARK [3][-]{subsubsection.3.3.1}{\376\377\000I\000n\000t\000e\000r\000p\000r\000e\000t\000a\000c\000j\000a\000\040\000W\000y\000n\000i\000k\000\363\000w\000\040\000d\000l\000a\000\040\000R\000n}{subsection.3.3}% 27
\BOOKMARK [2][-]{subsection.3.4}{\376\377\000W\000n\000i\000o\000s\000k\000i}{section.3}% 28
\BOOKMARK [1][-]{section.4}{\376\377\000Z\000a\000d\000a\000n\000i\000e\000\040\0004}{}% 29
\BOOKMARK [2][-]{subsection.4.1}{\376\377\000O\000p\000i\000s\000\040\000W\000i\000e\000l\000o\000m\000i\000a\000n\000u\000\040\000W\000i\000l\000k\000i\000n\000s\000o\000n\000a\000\040\000P\000\050\000x\000\051}{section.4}% 30
\BOOKMARK [2][-]{subsection.4.2}{\376\377\000C\000z\001\031\001\133\001\007\000\040\000\050\000a\000\051\000:\000\040\000W\000y\000n\000i\000k\000i\000\040\000i\000\040\000A\000n\000a\000l\000i\000z\000a\000\040\000B\001\102\001\031\000d\000\363\000w\000\040\000d\000l\000a\000\040\000W\000i\000e\000l\000o\000m\000i\000a\000n\000u\000\040\000P\000\050\000x\000\051}{section.4}% 31
\BOOKMARK [3][-]{subsubsection.4.2.1}{\376\377\000W\000y\000j\000a\001\133\000n\000i\000e\000n\000i\000e\000\040\000R\000o\000z\000b\000i\000e\001\174\000n\000o\001\133\000c\000i\000\040\000\050\000C\000z\001\031\001\133\001\007\000\040\000a\000\051}{subsection.4.2}% 32
\BOOKMARK [2][-]{subsection.4.3}{\376\377\000C\000z\001\031\001\133\001\007\000\040\000\050\000b\000\051\000:\000\040\000E\000k\000s\000p\000e\000r\000y\000m\000e\000n\000t\000\040\000W\000i\000l\000k\000i\000n\000s\000o\000n\000a\000\040\000z\000\040\000P\000e\000r\000t\000u\000r\000b\000a\000c\000j\001\005\000\040\000W\000s\000p\000\363\001\102\000c\000z\000y\000n\000n\000i\000k\000a}{section.4}% 33
\BOOKMARK [3][-]{subsubsection.4.3.1}{\376\377\000W\000y\000j\000a\001\133\000n\000i\000e\000n\000i\000e\000\040\000Z\000j\000a\000w\000i\000s\000k\000a\000\040\000N\000i\000e\000s\000t\000a\000b\000i\000l\000n\000o\001\133\000c\000i\000\040\000N\000u\000m\000e\000r\000y\000c\000z\000n\000e\000j\000\040\000\050\000C\000z\001\031\001\133\001\007\000\040\000b\000\051}{subsection.4.3}% 34
\BOOKMARK [2][-]{subsection.4.4}{\376\377\000W\000n\000i\000o\000s\000k\000i\000:}{section.4}% 35
\BOOKMARK [1][-]{section.5}{\376\377\000Z\000a\000d\000a\000n\000i\000e\000\040\0005}{}% 36
\BOOKMARK [2][-]{subsection.5.1}{\376\377\000T\000a\000b\000e\000l\000a\000\040\000W\000y\000n\000i\000k\000\363\000w\000\040\000E\000k\000s\000p\000e\000r\000y\000m\000e\000n\000t\000u}{section.5}% 37
\BOOKMARK [2][-]{subsection.5.2}{\376\377\000A\000n\000a\000l\000i\000z\000a\000\040\000i\000\040\000P\000o\000r\000\363\000w\000n\000a\000n\000i\000e\000\040\000W\000y\000n\000i\000k\000\363\000w}{section.5}% 38
\BOOKMARK [3][-]{subsubsection.5.2.1}{\376\377\0001\000.\000\040\000W\000p\001\102\000y\000w\000\040\000B\001\102\001\031\000d\000u\000\040\000O\000b\000c\000i\001\031\000c\000i\000a\000\040\000\050\000P\000o\000r\000\363\000w\000n\000a\000n\000i\000e\000\040\0001\000\040\000i\000\040\0002\000\051}{subsection.5.2}% 39
\BOOKMARK [3][-]{subsubsection.5.2.2}{\376\377\0002\000.\000\040\000W\000p\001\102\000y\000w\000\040\000P\000r\000e\000c\000y\000z\000j\000i\000\040\000A\000r\000y\000t\000m\000e\000t\000y\000c\000z\000n\000e\000j\000\040\000\050\000P\000o\000r\000\363\000w\000n\000a\000n\000i\000e\000\040\0002\000\040\000i\000\040\0003\000\051}{subsection.5.2}% 40
\BOOKMARK [2][-]{subsection.5.3}{\376\377\000W\000n\000i\000o\000s\000k\000i\000:}{section.5}% 41
\BOOKMARK [1][-]{section.6}{\376\377\000Z\000a\000d\000a\000n\000i\000e\000\040\0006}{}% 42
\BOOKMARK [2][-]{subsection.6.1}{\376\377\000W\000y\000n\000i\000k\000i\000\040\000d\000l\000a\000\040\000p\000o\000s\000z\000c\000z\000e\000g\000\363\000l\000n\000y\000c\000h\000\040\000d\000a\000n\000y\000c\000h\000\040\000w\000e\000j\001\133\000c\000i\000o\000w\000y\000c\000h}{section.6}% 43
\BOOKMARK [3][-]{subsubsection.6.1.1}{\376\377\000c\000=\000-\0002\000.\0000\000\040\000i\000\040\000x\0000\000=\0001\000.\0000}{subsection.6.1}% 44
\BOOKMARK [3][-]{subsubsection.6.1.2}{\376\377\000c\000=\000-\0002\000.\0000\000\040\000i\000\040\000x\0000\000=\0002\000.\0000}{subsection.6.1}% 45
\BOOKMARK [3][-]{subsubsection.6.1.3}{\376\377\000c\000=\000-\0002\000.\0000\000\040\000i\000\040\000x\0000\000=\0001\000.\0009\0009\0009\0009\0009\0009\0009\0009\0009\0009\0009\0009\0009\0009\0009\0009}{subsection.6.1}% 46
\BOOKMARK [3][-]{subsubsection.6.1.4}{\376\377\000c\000=\000-\0001\000.\0000\000\040\000i\000\040\000x\0000\000=\0001\000.\0000}{subsection.6.1}% 47
\BOOKMARK [3][-]{subsubsection.6.1.5}{\376\377\000c\000=\000-\0001\000.\0000\000\040\000i\000\040\000x\0000\000=\000-\0001\000.\0000}{subsection.6.1}% 48
\BOOKMARK [3][-]{subsubsection.6.1.6}{\376\377\000c\000=\000-\0001\000.\0000\000\040\000i\000\040\000x\0000\000=\0000\000.\0007\0005}{subsection.6.1}% 49
\BOOKMARK [3][-]{subsubsection.6.1.7}{\376\377\000c\000=\000-\0001\000.\0000\000\040\000i\000\040\000x\0000\000=\0000\000.\0002\0005}{subsection.6.1}% 50
\BOOKMARK [2][-]{subsection.6.2}{\376\377\000W\000n\000i\000o\000s\000k\000i}{section.6}% 51
