\BOOKMARK [1][-]{section.1}{\376\377\000Z\000a\000d\000a\000n\000i\000e\000\040\0001\000:\000\040\000P\000l\000a\000n\000\040\000z\000a\000k\000u\000p\000u\000\040\000i\000\040\000d\000o\000s\000t\000a\000w\000\040\000p\000a\000l\000i\000w\000a\000\040\000\050\000P\000r\000o\000b\000l\000e\000m\000\040\000T\000r\000a\000n\000s\000p\000o\000r\000t\000o\000w\000y\000\051}{}% 1
\BOOKMARK [2][-]{subsection.1.1}{\376\377\000M\000o\000d\000e\000l\000\040\000M\000a\000t\000e\000m\000a\000t\000y\000c\000z\000n\000y}{section.1}% 2
\BOOKMARK [3][-]{subsubsection.1.1.1}{\376\377\000Z\000m\000i\000e\000n\000n\000e\000\040\000D\000e\000c\000y\000z\000y\000j\000n\000e}{subsection.1.1}% 3
\BOOKMARK [3][-]{subsubsection.1.1.2}{\376\377\000O\000g\000r\000a\000n\000i\000c\000z\000e\000n\000i\000a}{subsection.1.1}% 4
\BOOKMARK [3][-]{subsubsection.1.1.3}{\376\377\000F\000u\000n\000k\000c\000j\000a\000\040\000C\000e\000l\000u}{subsection.1.1}% 5
\BOOKMARK [2][-]{subsection.1.2}{\376\377\000R\000o\000z\000w\000i\001\005\000z\000a\000n\000i\000e\000\040\000E\000g\000z\000e\000m\000p\000l\000a\000r\000z\000a\000\040\000i\000\040\000I\000n\000t\000e\000r\000p\000r\000e\000t\000a\000c\000j\000a}{section.1}% 6
\BOOKMARK [3][-]{subsubsection.1.2.1}{\376\377\000E\000g\000z\000e\000m\000p\000l\000a\000r\000z}{subsection.1.2}% 7
\BOOKMARK [3][-]{subsubsection.1.2.2}{\376\377\000U\000z\000y\000s\000k\000a\000n\000e\000\040\000W\000y\000n\000i\000k\000i\000\040\000i\000\040\000I\000n\000t\000e\000r\000p\000r\000e\000t\000a\000c\000j\000a}{subsection.1.2}% 8
\BOOKMARK [1][-]{section.2}{\376\377\000Z\000a\000d\000a\000n\000i\000e\000\040\0002\000:\000\040\000O\000p\000t\000y\000m\000a\000l\000i\000z\000a\000c\000j\000a\000\040\000P\000r\000o\000d\000u\000k\000c\000j\000i\000\040\000\050\000M\000a\000k\000s\000y\000m\000a\000l\000i\000z\000a\000c\000j\000a\000\040\000Z\000y\000s\000k\000u\000\051}{}% 9
\BOOKMARK [2][-]{subsection.2.1}{\376\377\000M\000o\000d\000e\000l\000\040\000M\000a\000t\000e\000m\000a\000t\000y\000c\000z\000n\000y}{section.2}% 10
\BOOKMARK [3][-]{subsubsection.2.1.1}{\376\377\000Z\000m\000i\000e\000n\000n\000e\000\040\000D\000e\000c\000y\000z\000y\000j\000n\000e}{subsection.2.1}% 11
\BOOKMARK [3][-]{subsubsection.2.1.2}{\376\377\000O\000g\000r\000a\000n\000i\000c\000z\000e\000n\000i\000a}{subsection.2.1}% 12
\BOOKMARK [3][-]{subsubsection.2.1.3}{\376\377\000F\000u\000n\000k\000c\000j\000a\000\040\000C\000e\000l\000u}{subsection.2.1}% 13
\BOOKMARK [2][-]{subsection.2.2}{\376\377\000R\000o\000z\000w\000i\001\005\000z\000a\000n\000i\000e\000\040\000E\000g\000z\000e\000m\000p\000l\000a\000r\000z\000a\000\040\000i\000\040\000I\000n\000t\000e\000r\000p\000r\000e\000t\000a\000c\000j\000a}{section.2}% 14
\BOOKMARK [3][-]{subsubsection.2.2.1}{\376\377\000E\000g\000z\000e\000m\000p\000l\000a\000r\000z}{subsection.2.2}% 15
\BOOKMARK [3][-]{subsubsection.2.2.2}{\376\377\000U\000z\000y\000s\000k\000a\000n\000e\000\040\000W\000y\000n\000i\000k\000i\000\040\000i\000\040\000I\000n\000t\000e\000r\000p\000r\000e\000t\000a\000c\000j\000a}{subsection.2.2}% 16
\BOOKMARK [1][-]{section.3}{\376\377\000Z\000a\000d\000a\000n\000i\000e\000\040\0003\000:\000\040\000P\000l\000a\000n\000o\000w\000a\000n\000i\000e\000\040\000P\000r\000o\000d\000u\000k\000c\000j\000i\000\040\000i\000\040\000Z\000a\000r\000z\001\005\000d\000z\000a\000n\000i\000e\000\040\000Z\000a\000p\000a\000s\000a\000m\000i\000\040\000\050\000M\000i\000n\000i\000m\000a\000l\000i\000z\000a\000c\000j\000a\000\040\000K\000o\000s\000z\000t\000\363\000w\000\051}{}% 17
\BOOKMARK [2][-]{subsection.3.1}{\376\377\000M\000o\000d\000e\000l\000\040\000M\000a\000t\000e\000m\000a\000t\000y\000c\000z\000n\000y}{section.3}% 18
\BOOKMARK [3][-]{subsubsection.3.1.1}{\376\377\000Z\000m\000i\000e\000n\000n\000e\000\040\000D\000e\000c\000y\000z\000y\000j\000n\000e}{subsection.3.1}% 19
\BOOKMARK [3][-]{subsubsection.3.1.2}{\376\377\000O\000g\000r\000a\000n\000i\000c\000z\000e\000n\000i\000a}{subsection.3.1}% 20
\BOOKMARK [3][-]{subsubsection.3.1.3}{\376\377\000F\000u\000n\000k\000c\000j\000a\000\040\000C\000e\000l\000u}{subsection.3.1}% 21
\BOOKMARK [2][-]{subsection.3.2}{\376\377\000R\000o\000z\000w\000i\001\005\000z\000a\000n\000i\000e\000\040\000E\000g\000z\000e\000m\000p\000l\000a\000r\000z\000a\000\040\000i\000\040\000I\000n\000t\000e\000r\000p\000r\000e\000t\000a\000c\000j\000a}{section.3}% 22
\BOOKMARK [3][-]{subsubsection.3.2.1}{\376\377\000E\000g\000z\000e\000m\000p\000l\000a\000r\000z}{subsection.3.2}% 23
\BOOKMARK [3][-]{subsubsection.3.2.2}{\376\377\000U\000z\000y\000s\000k\000a\000n\000e\000\040\000W\000y\000n\000i\000k\000i\000\040\000i\000\040\000I\000n\000t\000e\000r\000p\000r\000e\000t\000a\000c\000j\000a}{subsection.3.2}% 24
\BOOKMARK [1][-]{section.4}{\376\377\000Z\000a\000d\000a\000n\000i\000e\000\040\0004\000:\000\040\000P\000r\000o\000b\000l\000e\000m\000\040\000N\000a\000j\000k\000r\000\363\000t\000s\000z\000e\000j\000\040\001\132\000c\000i\000e\001\174\000k\000i\000\040\000z\000\040\000O\000g\000r\000a\000n\000i\000c\000z\000e\000n\000i\000e\000m\000\040\000C\000z\000a\000s\000o\000w\000y\000m\000\040\000\050\000C\000o\000n\000s\000t\000r\000a\000i\000n\000e\000d\000\040\000S\000h\000o\000r\000t\000e\000s\000t\000\040\000P\000a\000t\000h\000\040\000P\000r\000o\000b\000l\000e\000m\000\051}{}% 25
\BOOKMARK [2][-]{subsection.4.1}{\376\377\000M\000o\000d\000e\000l\000\040\000M\000a\000t\000e\000m\000a\000t\000y\000c\000z\000n\000y}{section.4}% 26
\BOOKMARK [3][-]{subsubsection.4.1.1}{\376\377\000Z\000m\000i\000e\000n\000n\000e\000\040\000D\000e\000c\000y\000z\000y\000j\000n\000e}{subsection.4.1}% 27
\BOOKMARK [3][-]{subsubsection.4.1.2}{\376\377\000O\000g\000r\000a\000n\000i\000c\000z\000e\000n\000i\000a}{subsection.4.1}% 28
\BOOKMARK [3][-]{subsubsection.4.1.3}{\376\377\000F\000u\000n\000k\000c\000j\000a\000\040\000C\000e\000l\000u}{subsection.4.1}% 29
\BOOKMARK [2][-]{subsection.4.2}{\376\377\000R\000o\000z\000w\000i\001\005\000z\000a\000n\000i\000e\000\040\000E\000g\000z\000e\000m\000p\000l\000a\000r\000z\000a\000\040\000i\000\040\000I\000n\000t\000e\000r\000p\000r\000e\000t\000a\000c\000j\000a}{section.4}% 30
\BOOKMARK [3][-]{subsubsection.4.2.1}{\376\377\000E\000g\000z\000e\000m\000p\000l\000a\000r\000z}{subsection.4.2}% 31
\BOOKMARK [3][-]{subsubsection.4.2.2}{\376\377\000U\000z\000y\000s\000k\000a\000n\000e\000\040\000W\000y\000n\000i\000k\000i\000\040\000i\000\040\000I\000n\000t\000e\000r\000p\000r\000e\000t\000a\000c\000j\000a}{subsection.4.2}% 32
\BOOKMARK [2][-]{subsection.4.3}{\376\377\000Z\000a\000d\000a\000n\000i\000e\000\040\0004\000b\000:\000\040\000A\000n\000a\000l\000i\000z\000a\000\040\000W\000y\000n\000i\000k\000\363\000w\000\040\000W\001\102\000a\000s\000n\000e\000g\000o\000\040\000E\000g\000z\000e\000m\000p\000l\000a\000r\000z\000a}{section.4}% 33
\BOOKMARK [3][-]{subsubsection.4.3.1}{\376\377\000K\000r\000y\000t\000e\000r\000i\000a\000\040\000E\000g\000z\000e\000m\000p\000l\000a\000r\000z\000a\000\040\000i\000\040\000W\000n\000i\000o\000s\000k\000i}{subsection.4.3}% 34
\BOOKMARK [3][-]{subsubsection.4.3.2}{\376\377\000A\000n\000a\000l\000i\000z\000a\000\040\000P\000r\000z\000y\000p\000a\000d\000k\000\363\000w\000\040\000O\000p\000t\000y\000m\000a\000l\000i\000z\000a\000c\000j\000i}{subsection.4.3}% 35
\BOOKMARK [3][-]{subsubsection.4.3.3}{\376\377\000P\000r\000z\000y\000p\000a\000d\000e\000k\000\040\0002\000:\000\040\000N\000a\000j\000t\000a\001\104\000s\000z\000a\000\040\001\132\000c\000i\000e\001\174\000k\000a\000\040\000B\000e\000z\000\040\000O\000g\000r\000a\000n\000i\000c\000z\000e\000n\000i\000a\000\040\000C\000z\000a\000s\000o\000w\000e\000g\000o\000\040\000\050\000L\000i\000m\000i\000t\000\040\000T\000\040\000\051}{subsection.4.3}% 36
\BOOKMARK [2][-]{subsection.4.4}{\376\377\000W\000i\000z\000u\000a\000l\000i\000z\000a\000c\000j\000a\000\040\000G\000r\000a\000f\000u}{section.4}% 37
\BOOKMARK [3][-]{subsubsection.4.4.1}{\376\377\000\050\000c\000\051\000\040\000C\000a\001\102\000k\000o\000w\000i\000t\000o\000l\000i\000c\000z\000b\000o\000w\000o\001\133\001\007\000\040\000z\000m\000i\000e\000n\000n\000y\000c\000h\000\040\000d\000e\000c\000y\000z\000y\000j\000n\000y\000c\000h}{subsection.4.4}% 38
\BOOKMARK [3][-]{subsubsection.4.4.2}{\376\377\000\050\000d\000\051\000\040\000A\000k\000c\000e\000p\000t\000o\000w\000a\000l\000n\000o\001\133\001\007\000\040\000r\000o\000z\000w\000i\001\005\000z\000a\000n\000i\000a\000\040\000p\000o\000\040\000u\000s\000u\000n\000i\001\031\000c\000i\000u\000\040\000o\000g\000r\000a\000n\000i\000c\000z\000e\000n\000i\000a\000\040\000c\000z\000a\000s\000o\000w\000e\000g\000o}{subsection.4.4}% 39
\BOOKMARK [1][-]{section.5}{\376\377\000Z\000a\000d\000a\000n\000i\000e\000\040\0005\000:\000\040\000A\000n\000a\000l\000i\000z\000a\000\040\000W\000y\000n\000i\000k\000\363\000w\000\040\000M\000o\000d\000e\000l\000u\000\040\000C\000y\000r\000k\000u\000l\000a\000c\000j\000i\000\040\000P\000r\000z\000e\000p\001\102\000y\000w\000u}{}% 40
\BOOKMARK [2][-]{subsection.5.1}{\376\377\000W\000y\000n\000i\000k\000i\000\040\000O\000p\000t\000y\000m\000a\000l\000i\000z\000a\000c\000j\000i}{section.5}% 41
\BOOKMARK [2][-]{subsection.5.2}{\376\377\000S\000z\000c\000z\000e\000g\000\363\001\102\000o\000w\000a\000\040\000A\000l\000o\000k\000a\000c\000j\000a\000\040\000Z\000a\000s\000o\000b\000\363\000w}{section.5}% 42
\BOOKMARK [3][-]{subsubsection.5.2.1}{\376\377\000P\000r\000z\000e\000p\001\102\000y\000w\000\040\000z\000\040\001\171\000r\000\363\000d\001\102\000a\000\040\000d\000o\000\040\000D\000z\000i\000e\000l\000n\000i\000c\000\040\000\050\000S\000o\000u\000r\000c\000e\000\040\000D\000z\000i\000e\000l\000n\000i\000c\000a\000\051}{subsection.5.2}% 43
\BOOKMARK [3][-]{subsubsection.5.2.2}{\376\377\000A\000l\000o\000k\000a\000c\000j\000a\000\040\000z\000\040\000D\000z\000i\000e\000l\000n\000i\000c\000\040\000d\000o\000\040\000Z\000m\000i\000a\000n\000\040\000\050\000D\000z\000i\000e\000l\000n\000i\000c\000a\000\040\000Z\000m\000i\000a\000n\000a\000\051}{subsection.5.2}% 44
\BOOKMARK [3][-]{subsubsection.5.2.3}{\376\377\000P\000r\000z\000e\000p\001\102\000y\000w\000\040\000d\000o\000\040\000K\000o\001\104\000c\000a\000\040\000\050\000Z\000m\000i\000a\000n\000a\000\040\000F\000i\000n\000a\000l\000\051}{subsection.5.2}% 45
\BOOKMARK [2][-]{subsection.5.3}{\376\377\000W\000n\000i\000o\000s\000k\000i\000\040\000K\000o\001\104\000c\000o\000w\000e}{section.5}% 46
\BOOKMARK [1][-]{section.6}{\376\377\000Z\000a\000d\000a\000n\000i\000e\000\040\0006\000:\000\040\000O\000p\000t\000y\000m\000a\000l\000i\000z\000a\000c\000j\000a\000\040\000M\000i\000n\000i\000m\000a\000l\000n\000e\000g\000o\000\040\000P\000o\000k\000r\000y\000c\000i\000a\000\040\000K\000a\000m\000e\000r\000a\000m\000i}{}% 47
\BOOKMARK [2][-]{subsection.6.1}{\376\377\000O\000p\000i\000s\000\040\000M\000o\000d\000e\000l\000u\000\040\000M\000a\000t\000e\000m\000a\000t\000y\000c\000z\000n\000e\000g\000o}{section.6}% 48
\BOOKMARK [3][-]{subsubsection.6.1.1}{\376\377\000\050\000a\000\051\000\040\000Z\000m\000i\000e\000n\000n\000e\000\040\000D\000e\000c\000y\000z\000y\000j\000n\000e}{subsection.6.1}% 49
\BOOKMARK [3][-]{subsubsection.6.1.2}{\376\377\000\050\000b\000\051\000\040\000O\000g\000r\000a\000n\000i\000c\000z\000e\000n\000i\000a}{subsection.6.1}% 50
\BOOKMARK [3][-]{subsubsection.6.1.3}{\376\377\000\050\000c\000\051\000\040\000F\000u\000n\000k\000c\000j\000a\000\040\000C\000e\000l\000u}{subsection.6.1}% 51
\BOOKMARK [2][-]{subsection.6.2}{\376\377\000A\000n\000a\000l\000i\000z\000a\000\040\000W\000y\000n\000i\000k\000\363\000w\000\040\000E\000g\000z\000e\000m\000p\000l\000a\000r\000z\000y\000\040\0005\000\040\0005}{section.6}% 52
\BOOKMARK [3][-]{subsubsection.6.2.1}{\376\377\000E\000g\000z\000e\000m\000p\000l\000a\000r\000z\000\040\0001\000:\000\040\000S\000i\000a\000t\000k\000a\000\040\0005\000\040\0005\000\040\000z\000\040\000P\000r\000o\000m\000i\000e\000n\000i\000e\000m\000\040\000k\000=\0003}{subsection.6.2}% 53
\BOOKMARK [3][-]{subsubsection.6.2.2}{\376\377\000E\000g\000z\000e\000m\000p\000l\000a\000r\000z\000\040\0002\000:\000\040\000S\000i\000a\000t\000k\000a\000\040\0005\000\040\0005\000\040\000z\000\040\000P\000r\000o\000m\000i\000e\000n\000i\000e\000m\000\040\000k\000=\0002}{subsection.6.2}% 54
\BOOKMARK [2][-]{subsection.6.3}{\376\377\000W\000n\000i\000o\000s\000k\000i\000\040\000K\000o\001\104\000c\000o\000w\000e}{section.6}% 55
