========================================================
PROGRAM: ex1 (Testuje folder: ..//testfiles/1)
========================================================
   ▶️ Wykonuję: ./ex1 "..//testfiles/1/g2.txt" "t"
-----------------------------------------
B F S
-----------------------------------------
Operation took 0.016375 ms to execute
1, 2, 4, 3, 6, 8, 5, 7, 
1
(1,2)
(1,4)
(2,3)
(2,6)
(4,8)
(6,5)
(6,7)
-----------------------------------------
D F S
-----------------------------------------
Operation took 0.008708 ms to execute
1, 4, 8, 7, 3, 2, 6, 5, 
1
(1,4)
(4,8)
(8,7)
(7,3)
(1,2)
(2,6)
(6,5)
   ▶️ Wykonuję: ./ex1 "..//testfiles/1/g3.txt" "t"
-----------------------------------------
B F S
-----------------------------------------
Operation took 0.013792 ms to execute
1, 2, 3, 5, 4, 6, 8, 7, 9, 
1
(1,2)
(1,3)
(1,5)
(2,4)
(3,6)
(4,8)
(6,7)
(6,9)
-----------------------------------------
D F S
-----------------------------------------
Operation took 0.008375 ms to execute
1, 5, 6, 9, 8, 7, 4, 3, 2, 
1
(1,5)
(5,6)
(6,9)
(9,8)
(6,7)
(7,4)
(1,3)
(1,2)
   ▶️ Wykonuję: ./ex1 "..//testfiles/1/g1.txt" "t"
-----------------------------------------
B F S
-----------------------------------------
Operation took 0.008542 ms to execute
1, 3, 2, 5, 6, 4, 
1
(1,3)
(1,2)
(3,5)
(3,6)
(2,4)
-----------------------------------------
D F S
-----------------------------------------
Operation took 0.006584 ms to execute
1, 2, 4, 5, 6, 3, 
1
(1,2)
(2,4)
(2,5)
(5,6)
(1,3)
   ▶️ Wykonuję: ./ex1 "..//testfiles/1/g4.txt" "t"
-----------------------------------------
B F S
-----------------------------------------
Operation took 0.008583 ms to execute
1, 9, 7, 6, 2, 8, 4, 
1
(1,9)
(1,7)
(1,6)
(9,2)
(9,8)
(9,4)
-----------------------------------------
D F S
-----------------------------------------
Operation took 0.005875 ms to execute
1, 6, 8, 7, 9, 4, 2, 
1
(1,6)
(6,8)
(1,7)
(1,9)
(9,4)
(9,2)
--------------------------------------------------------
🏁 Wszystkie testy zakończone.