\BOOKMARK [1][-]{section.1}{\376\377\000M\000e\000t\000o\000d\000a\000\040\000b\000i\000s\000e\000k\000c\000j\000i}{}% 1
\BOOKMARK [2][-]{subsection.1.1}{\376\377\000K\000r\000\363\000t\000k\000i\000\040\000o\000p\000i\000s\000\040\000p\000r\000o\000b\000l\000e\000m\000u}{section.1}% 2
\BOOKMARK [2][-]{subsection.1.2}{\376\377\000R\000o\000z\000w\000i\001\005\000z\000a\000n\000i\000e}{section.1}% 3
\BOOKMARK [1][-]{section.2}{\376\377\000M\000e\000t\000o\000d\000a\000\040\000n\000e\000w\000t\000o\000n\000a}{}% 4
\BOOKMARK [2][-]{subsection.2.1}{\376\377\000K\000r\000\363\000t\000k\000i\000\040\000o\000p\000i\000s\000\040\000p\000r\000o\000b\000l\000e\000m\000u}{section.2}% 5
\BOOKMARK [2][-]{subsection.2.2}{\376\377\000R\000o\000z\000w\000i\001\005\000z\000a\000n\000i\000e}{section.2}% 6
\BOOKMARK [1][-]{section.3}{\376\377\000M\000e\000t\000o\000d\000a\000\040\000s\000i\000e\000c\000z\000n\000y\000c\000h}{}% 7
\BOOKMARK [2][-]{subsection.3.1}{\376\377\000K\000r\000\363\000t\000k\000i\000\040\000o\000p\000i\000s\000\040\000p\000r\000o\000b\000l\000e\000m\000u}{section.3}% 8
\BOOKMARK [2][-]{subsection.3.2}{\376\377\000R\000o\000z\000w\000i\001\005\000z\000a\000n\000i\000e}{section.3}% 9
\BOOKMARK [1][-]{section.4}{\376\377\000Z\000a\000d\000a\000n\000i\000e\000\040\0004}{}% 10
\BOOKMARK [2][-]{subsection.4.1}{\376\377\000K\000r\000\363\000t\000k\000i\000\040\000o\000p\000i\000s\000\040\000p\000r\000o\000b\000l\000e\000m\000u}{section.4}% 11
\BOOKMARK [2][-]{subsection.4.2}{\376\377\000W\000y\000n\000i\000k\000i\000\040\000i\000\040\000i\000c\000h\000\040\000i\000n\000t\000e\000r\000p\000r\000e\000t\000a\000c\000j\000a}{section.4}% 12
\BOOKMARK [2][-]{subsection.4.3}{\376\377\000I\000n\000t\000e\000r\000p\000r\000e\000t\000a\000c\000j\000a\000\040\000W\000y\000n\000i\000k\000\363\000w}{section.4}% 13
\BOOKMARK [2][-]{subsection.4.4}{\376\377\000W\000n\000i\000o\000s\000k\000i}{section.4}% 14
\BOOKMARK [1][-]{section.5}{\376\377\000Z\000a\000d\000a\000n\000i\000e\000\040\0005}{}% 15
\BOOKMARK [2][-]{subsection.5.1}{\376\377\000O\000p\000i\000s\000\040\000P\000r\000o\000b\000l\000e\000m\000u}{section.5}% 16
\BOOKMARK [2][-]{subsection.5.2}{\376\377\000D\000o\000b\000\363\000r\000\040\000P\000r\000z\000e\000d\000z\000i\000a\001\102\000\363\000w\000\040\000i\000\040\000W\000y\000n\000i\000k\000i}{section.5}% 17
\BOOKMARK [2][-]{subsection.5.3}{\376\377\000I\000n\000t\000e\000r\000p\000r\000e\000t\000a\000c\000j\000a\000\040\000W\000y\000n\000i\000k\000\363\000w}{section.5}% 18
\BOOKMARK [2][-]{subsection.5.4}{\376\377\000W\000n\000i\000o\000s\000k\000i}{section.5}% 19
\BOOKMARK [1][-]{section.6}{\376\377\000Z\000a\000d\000a\000n\000i\000e\000\040\0006}{}% 20
\BOOKMARK [2][-]{subsection.6.1}{\376\377\000O\000p\000i\000s\000\040\000P\000r\000o\000b\000l\000e\000m\000u}{section.6}% 21
\BOOKMARK [2][-]{subsection.6.2}{\376\377\000W\000y\000n\000i\000k\000i\000\040\000S\000t\000a\000n\000d\000a\000r\000d\000o\000w\000e\000\040\000\050\000P\000o\000r\000\363\000w\000n\000a\000n\000i\000e\000\040\000M\000e\000t\000o\000d\000\051}{section.6}% 22
\BOOKMARK [2][-]{subsection.6.3}{\376\377\000A\000n\000a\000l\000i\000z\000a\000\040\000P\000r\000z\000y\000p\000a\000d\000k\000\363\000w\000\040\000G\000r\000a\000n\000i\000c\000z\000n\000y\000c\000h\000\040\000M\000e\000t\000o\000d\000y\000\040\000N\000e\000w\000t\000o\000n\000a}{section.6}% 23
\BOOKMARK [2][-]{subsection.6.4}{\376\377\000W\000n\000i\000o\000s\000k\000i}{section.6}% 24
