This is pdfTeX, Version 3.141592653-2.6-1.40.27 (TeX Live 2025) (preloaded format=pdflatex 2025.11.8)  20 JAN 2026 22:32
entering extended mode
 restricted \write18 enabled.
 %&-line parsing enabled.
**sprawozdanie_kp_lab3.tex
(./sprawozdanie_kp_lab3.tex
LaTeX2e <2024-11-01> patch level 2
L3 programming layer <2025-01-18>
(/usr/local/texlive/2025/texmf-dist/tex/latex/base/article.cls
Document Class: article 2024/06/29 v1.4n Standard LaTeX document class
(/usr/local/texlive/2025/texmf-dist/tex/latex/base/size11.clo
File: size11.clo 2024/06/29 v1.4n Standard LaTeX file (size option)
)
\c@part=\count196
\c@section=\count197
\c@subsection=\count198
\c@subsubsection=\count199
\c@paragraph=\count266
\c@subparagraph=\count267
\c@figure=\count268
\c@table=\count269
\abovecaptionskip=\skip49
\belowcaptionskip=\skip50
\bibindent=\dimen141
)
(/usr/local/texlive/2025/texmf-dist/tex/latex/geometry/geometry.sty
Package: geometry 2020/01/02 v5.9 Page Geometry

(/usr/local/texlive/2025/texmf-dist/tex/latex/graphics/keyval.sty
Package: keyval 2022/05/29 v1.15 key=value parser (DPC)
\KV@toks@=\toks17
)
(/usr/local/texlive/2025/texmf-dist/tex/generic/iftex/ifvtex.sty
Package: ifvtex 2019/10/25 v1.7 ifvtex legacy package. Use iftex instead.

(/usr/local/texlive/2025/texmf-dist/tex/generic/iftex/iftex.sty
Package: iftex 2024/12/12 v1.0g TeX engine tests
))
\Gm@cnth=\count270
\Gm@cntv=\count271
\c@Gm@tempcnt=\count272
\Gm@bindingoffset=\dimen142
\Gm@wd@mp=\dimen143
\Gm@odd@mp=\dimen144
\Gm@even@mp=\dimen145
\Gm@layoutwidth=\dimen146
\Gm@layoutheight=\dimen147
\Gm@layouthoffset=\dimen148
\Gm@layoutvoffset=\dimen149
\Gm@dimlist=\toks18
)
(/usr/local/texlive/2025/texmf-dist/tex/latex/base/fontenc.sty
Package: fontenc 2021/04/29 v2.0v Standard LaTeX package
)
(/usr/local/texlive/2025/texmf-dist/tex/latex/base/inputenc.sty
Package: inputenc 2024/02/08 v1.3d Input encoding file
\inpenc@prehook=\toks19
\inpenc@posthook=\toks20
)
(/usr/local/texlive/2025/texmf-dist/tex/generic/babel/babel.sty
Package: babel 2025/02/14 v25.4 The multilingual framework for pdfLaTeX, LuaLaT
eX and XeLaTeX
\babel@savecnt=\count273
\U@D=\dimen150
\l@unhyphenated=\language90

(/usr/local/texlive/2025/texmf-dist/tex/generic/babel/txtbabel.def)
\bbl@readstream=\read2
\bbl@dirlevel=\count274

(/usr/local/texlive/2025/texmf-dist/tex/generic/babel-polish/polish.ldf
Language: polish 2022/03/12 1.3 Babel support for Polish
Package babel Info: Making " an active character on input line 101.
))
(/usr/local/texlive/2025/texmf-dist/tex/generic/babel/locale/pl/babel-polish.te
x
Package babel Info: Importing font and identification data for polish
(babel)             from babel-pl.ini. Reported on input line 11.
) (/usr/local/texlive/2025/texmf-dist/tex/latex/amsmath/amsmath.sty
Package: amsmath 2024/11/05 v2.17t AMS math features
\@mathmargin=\skip51

For additional information on amsmath, use the `?' option.
(/usr/local/texlive/2025/texmf-dist/tex/latex/amsmath/amstext.sty
Package: amstext 2021/08/26 v2.01 AMS text

(/usr/local/texlive/2025/texmf-dist/tex/latex/amsmath/amsgen.sty
File: amsgen.sty 1999/11/30 v2.0 generic functions
\@emptytoks=\toks21
\ex@=\dimen151
))
(/usr/local/texlive/2025/texmf-dist/tex/latex/amsmath/amsbsy.sty
Package: amsbsy 1999/11/29 v1.2d Bold Symbols
\pmbraise@=\dimen152
)
(/usr/local/texlive/2025/texmf-dist/tex/latex/amsmath/amsopn.sty
Package: amsopn 2022/04/08 v2.04 operator names
)
\inf@bad=\count275
LaTeX Info: Redefining \frac on input line 233.
\uproot@=\count276
\leftroot@=\count277
LaTeX Info: Redefining \overline on input line 398.
LaTeX Info: Redefining \colon on input line 409.
\classnum@=\count278
\DOTSCASE@=\count279
LaTeX Info: Redefining \ldots on input line 495.
LaTeX Info: Redefining \dots on input line 498.
LaTeX Info: Redefining \cdots on input line 619.
\Mathstrutbox@=\box52
\strutbox@=\box53
LaTeX Info: Redefining \big on input line 721.
LaTeX Info: Redefining \Big on input line 722.
LaTeX Info: Redefining \bigg on input line 723.
LaTeX Info: Redefining \Bigg on input line 724.
\big@size=\dimen153
LaTeX Font Info:    Redeclaring font encoding OML on input line 742.
LaTeX Font Info:    Redeclaring font encoding OMS on input line 743.
\macc@depth=\count280
LaTeX Info: Redefining \bmod on input line 904.
LaTeX Info: Redefining \pmod on input line 909.
LaTeX Info: Redefining \smash on input line 939.
LaTeX Info: Redefining \relbar on input line 969.
LaTeX Info: Redefining \Relbar on input line 970.
\c@MaxMatrixCols=\count281
\dotsspace@=\muskip17
\c@parentequation=\count282
\dspbrk@lvl=\count283
\tag@help=\toks22
\row@=\count284
\column@=\count285
\maxfields@=\count286
\andhelp@=\toks23
\eqnshift@=\dimen154
\alignsep@=\dimen155
\tagshift@=\dimen156
\tagwidth@=\dimen157
\totwidth@=\dimen158
\lineht@=\dimen159
\@envbody=\toks24
\multlinegap=\skip52
\multlinetaggap=\skip53
\mathdisplay@stack=\toks25
LaTeX Info: Redefining \[ on input line 2953.
LaTeX Info: Redefining \] on input line 2954.
)
(/usr/local/texlive/2025/texmf-dist/tex/latex/amsfonts/amssymb.sty
Package: amssymb 2013/01/14 v3.01 AMS font symbols

(/usr/local/texlive/2025/texmf-dist/tex/latex/amsfonts/amsfonts.sty
Package: amsfonts 2013/01/14 v3.01 Basic AMSFonts support
\symAMSa=\mathgroup4
\symAMSb=\mathgroup5
LaTeX Font Info:    Redeclaring math symbol \hbar on input line 98.
LaTeX Font Info:    Overwriting math alphabet `\mathfrak' in version `bold'
(Font)                  U/euf/m/n --> U/euf/b/n on input line 106.
))
(/usr/local/texlive/2025/texmf-dist/tex/latex/amscls/amsthm.sty
Package: amsthm 2020/05/29 v2.20.6
\thm@style=\toks26
\thm@bodyfont=\toks27
\thm@headfont=\toks28
\thm@notefont=\toks29
\thm@headpunct=\toks30
\thm@preskip=\skip54
\thm@postskip=\skip55
\thm@headsep=\skip56
\dth@everypar=\toks31
)
(/usr/local/texlive/2025/texmf-dist/tex/latex/graphics/graphicx.sty
Package: graphicx 2021/09/16 v1.2d Enhanced LaTeX Graphics (DPC,SPQR)

(/usr/local/texlive/2025/texmf-dist/tex/latex/graphics/graphics.sty
Package: graphics 2024/08/06 v1.4g Standard LaTeX Graphics (DPC,SPQR)

(/usr/local/texlive/2025/texmf-dist/tex/latex/graphics/trig.sty
Package: trig 2023/12/02 v1.11 sin cos tan (DPC)
)
(/usr/local/texlive/2025/texmf-dist/tex/latex/graphics-cfg/graphics.cfg
File: graphics.cfg 2016/06/04 v1.11 sample graphics configuration
)
Package graphics Info: Driver file: pdftex.def on input line 106.

(/usr/local/texlive/2025/texmf-dist/tex/latex/graphics-def/pdftex.def
File: pdftex.def 2024/04/13 v1.2c Graphics/color driver for pdftex
))
\Gin@req@height=\dimen160
\Gin@req@width=\dimen161
)
(/usr/local/texlive/2025/texmf-dist/tex/latex/booktabs/booktabs.sty
Package: booktabs 2020/01/12 v1.61803398 Publication quality tables
\heavyrulewidth=\dimen162
\lightrulewidth=\dimen163
\cmidrulewidth=\dimen164
\belowrulesep=\dimen165
\belowbottomsep=\dimen166
\aboverulesep=\dimen167
\abovetopsep=\dimen168
\cmidrulesep=\dimen169
\cmidrulekern=\dimen170
\defaultaddspace=\dimen171
\@cmidla=\count287
\@cmidlb=\count288
\@aboverulesep=\dimen172
\@belowrulesep=\dimen173
\@thisruleclass=\count289
\@lastruleclass=\count290
\@thisrulewidth=\dimen174
)
(/usr/local/texlive/2025/texmf-dist/tex/latex/multirow/multirow.sty
Package: multirow 2024/11/12 v2.9 Span multiple rows of a table
\multirow@colwidth=\skip57
\multirow@cntb=\count291
\multirow@dima=\skip58
\bigstrutjot=\dimen175
)
(/usr/local/texlive/2025/texmf-dist/tex/latex/l3backend/l3backend-pdftex.def
File: l3backend-pdftex.def 2024-05-08 L3 backend support: PDF output (pdfTeX)
\l__color_backend_stack_int=\count292
\l__pdf_internal_box=\box54
)
(./sprawozdanie_kp_lab3.aux)
\openout1 = `sprawozdanie_kp_lab3.aux'.

LaTeX Font Info:    Checking defaults for OML/cmm/m/it on input line 24.
LaTeX Font Info:    ... okay on input line 24.
LaTeX Font Info:    Checking defaults for OMS/cmsy/m/n on input line 24.
LaTeX Font Info:    ... okay on input line 24.
LaTeX Font Info:    Checking defaults for OT1/cmr/m/n on input line 24.
LaTeX Font Info:    ... okay on input line 24.
LaTeX Font Info:    Checking defaults for T1/cmr/m/n on input line 24.
LaTeX Font Info:    ... okay on input line 24.
LaTeX Font Info:    Checking defaults for TS1/cmr/m/n on input line 24.
LaTeX Font Info:    ... okay on input line 24.
LaTeX Font Info:    Checking defaults for OMX/cmex/m/n on input line 24.
LaTeX Font Info:    ... okay on input line 24.
LaTeX Font Info:    Checking defaults for U/cmr/m/n on input line 24.
LaTeX Font Info:    ... okay on input line 24.

*geometry* driver: auto-detecting
*geometry* detected driver: pdftex
*geometry* verbose mode - [ preamble ] result:
* driver: pdftex
* paper: a4paper
* layout: <same size as paper>
* layoutoffset:(h,v)=(0.0pt,0.0pt)
* modes: 
* h-part:(L,W,R)=(71.13188pt, 455.24411pt, 71.13188pt)
* v-part:(T,H,B)=(71.13188pt, 702.78308pt, 71.13188pt)
* \paperwidth=597.50787pt
* \paperheight=845.04684pt
* \textwidth=455.24411pt
* \textheight=702.78308pt
* \oddsidemargin=-1.1381pt
* \evensidemargin=-1.1381pt
* \topmargin=-38.1381pt
* \headheight=12.0pt
* \headsep=25.0pt
* \topskip=11.0pt
* \footskip=30.0pt
* \marginparwidth=50.0pt
* \marginparsep=10.0pt
* \columnsep=10.0pt
* \skip\footins=10.0pt plus 4.0pt minus 2.0pt
* \hoffset=0.0pt
* \voffset=0.0pt
* \mag=1000
* \@twocolumnfalse
* \@twosidefalse
* \@mparswitchfalse
* \@reversemarginfalse
* (1in=72.27pt=25.4mm, 1cm=28.453pt)

(/usr/local/texlive/2025/texmf-dist/tex/context/base/mkii/supp-pdf.mkii
[Loading MPS to PDF converter (version 2006.09.02).]
\scratchcounter=\count293
\scratchdimen=\dimen176
\scratchbox=\box55
\nofMPsegments=\count294
\nofMParguments=\count295
\everyMPshowfont=\toks32
\MPscratchCnt=\count296
\MPscratchDim=\dimen177
\MPnumerator=\count297
\makeMPintoPDFobject=\count298
\everyMPtoPDFconversion=\toks33
) (/usr/local/texlive/2025/texmf-dist/tex/latex/epstopdf-pkg/epstopdf-base.sty
Package: epstopdf-base 2020-01-24 v2.11 Base part for package epstopdf
Package epstopdf-base Info: Redefining graphics rule for `.eps' on input line 4
85.

(/usr/local/texlive/2025/texmf-dist/tex/latex/latexconfig/epstopdf-sys.cfg
File: epstopdf-sys.cfg 2010/07/13 v1.3 Configuration of (r)epstopdf for TeX Liv
e
))
LaTeX Font Info:    Trying to load font information for U+msa on input line 25.


(/usr/local/texlive/2025/texmf-dist/tex/latex/amsfonts/umsa.fd
File: umsa.fd 2013/01/14 v3.01 AMS symbols A
)
LaTeX Font Info:    Trying to load font information for U+msb on input line 25.


(/usr/local/texlive/2025/texmf-dist/tex/latex/amsfonts/umsb.fd
File: umsb.fd 2013/01/14 v3.01 AMS symbols B
)

[1

{/usr/local/texlive/2025/texmf-var/fonts/map/pdftex/updmap/pdftex.map}{/usr/loc
al/texlive/2025/texmf-dist/fonts/enc/dvips/cm-super/cm-super-t1.enc}]

[2

]

[3

]
<graphs/single/plot_Long-C.png, id=24, 616.4631pt x 399.6531pt>
File: graphs/single/plot_Long-C.png Graphic file (type png)
<use graphs/single/plot_Long-C.png>
Package pdftex.def Info: graphs/single/plot_Long-C.png  used on input line 84.
(pdftex.def)             Requested size: 409.71692pt x 265.6257pt.
<graphs/random/plot_Long-C.png, id=26, 616.4631pt x 399.6531pt>
File: graphs/random/plot_Long-C.png Graphic file (type png)
<use graphs/random/plot_Long-C.png>
Package pdftex.def Info: graphs/random/plot_Long-C.png  used on input line 91.
(pdftex.def)             Requested size: 409.71692pt x 265.6257pt.


LaTeX Warning: `!h' float specifier changed to `!ht'.

<graphs/single/plot_Long-n.png, id=27, 616.4631pt x 399.6531pt>
File: graphs/single/plot_Long-n.png Graphic file (type png)
<use graphs/single/plot_Long-n.png>
Package pdftex.def Info: graphs/single/plot_Long-n.png  used on input line 98.
(pdftex.def)             Requested size: 409.71692pt x 265.6257pt.

LaTeX Warning: `!h' float specifier changed to `!ht'.

<graphs/random/plot_Long-n.png, id=28, 616.4631pt x 399.6531pt>
File: graphs/random/plot_Long-n.png Graphic file (type png)
<use graphs/random/plot_Long-n.png>
Package pdftex.def Info: graphs/random/plot_Long-n.png  used on input line 105.

(pdftex.def)             Requested size: 409.71692pt x 265.6257pt.

LaTeX Warning: `!h' float specifier changed to `!ht'.

<graphs/single/plot_Random4-C.png, id=29, 616.4631pt x 399.6531pt>
File: graphs/single/plot_Random4-C.png Graphic file (type png)
<use graphs/single/plot_Random4-C.png>
Package pdftex.def Info: graphs/single/plot_Random4-C.png  used on input line 1
12.
(pdftex.def)             Requested size: 409.71692pt x 265.6257pt.

LaTeX Warning: `!h' float specifier changed to `!ht'.

<graphs/random/plot_Random4-C.png, id=30, 616.4631pt x 399.6531pt>
File: graphs/random/plot_Random4-C.png Graphic file (type png)
<use graphs/random/plot_Random4-C.png>
Package pdftex.def Info: graphs/random/plot_Random4-C.png  used on input line 1
19.
(pdftex.def)             Requested size: 409.71692pt x 265.6257pt.

LaTeX Warning: `!h' float specifier changed to `!ht'.

<graphs/single/plot_Random4-n.png, id=31, 616.4631pt x 399.6531pt>
File: graphs/single/plot_Random4-n.png Graphic file (type png)
<use graphs/single/plot_Random4-n.png>
Package pdftex.def Info: graphs/single/plot_Random4-n.png  used on input line 1
26.
(pdftex.def)             Requested size: 409.71692pt x 265.6257pt.

LaTeX Warning: `!h' float specifier changed to `!ht'.

<graphs/random/plot_Random4-n.png, id=32, 616.4631pt x 399.6531pt>
File: graphs/random/plot_Random4-n.png Graphic file (type png)
<use graphs/random/plot_Random4-n.png>
Package pdftex.def Info: graphs/random/plot_Random4-n.png  used on input line 1
33.
(pdftex.def)             Requested size: 409.71692pt x 265.6257pt.

LaTeX Warning: `!h' float specifier changed to `!ht'.

<graphs/single/plot_Square-C.png, id=33, 616.4631pt x 399.6531pt>
File: graphs/single/plot_Square-C.png Graphic file (type png)
<use graphs/single/plot_Square-C.png>
Package pdftex.def Info: graphs/single/plot_Square-C.png  used on input line 14
0.
(pdftex.def)             Requested size: 409.71692pt x 265.6257pt.

LaTeX Warning: `!h' float specifier changed to `!ht'.

<graphs/random/plot_Square-C.png, id=34, 616.4631pt x 399.6531pt>
File: graphs/random/plot_Square-C.png Graphic file (type png)
<use graphs/random/plot_Square-C.png>
Package pdftex.def Info: graphs/random/plot_Square-C.png  used on input line 14
7.
(pdftex.def)             Requested size: 409.71692pt x 265.6257pt.

LaTeX Warning: `!h' float specifier changed to `!ht'.

<graphs/single/plot_Square-n.png, id=35, 616.4631pt x 399.6531pt>
File: graphs/single/plot_Square-n.png Graphic file (type png)
<use graphs/single/plot_Square-n.png>
Package pdftex.def Info: graphs/single/plot_Square-n.png  used on input line 15
4.
(pdftex.def)             Requested size: 409.71692pt x 265.6257pt.

LaTeX Warning: `!h' float specifier changed to `!ht'.

<graphs/random/plot_Square-n.png, id=36, 616.4631pt x 399.6531pt>
File: graphs/random/plot_Square-n.png Graphic file (type png)
<use graphs/random/plot_Square-n.png>
Package pdftex.def Info: graphs/random/plot_Square-n.png  used on input line 16
1.
(pdftex.def)             Requested size: 409.71692pt x 265.6257pt.

LaTeX Warning: `!h' float specifier changed to `!ht'.

<graphs/single/plot_USA-road-d.png, id=37, 616.4631pt x 398.2077pt>
File: graphs/single/plot_USA-road-d.png Graphic file (type png)
<use graphs/single/plot_USA-road-d.png>
Package pdftex.def Info: graphs/single/plot_USA-road-d.png  used on input line 
168.
(pdftex.def)             Requested size: 409.71692pt x 264.66504pt.

LaTeX Warning: `!h' float specifier changed to `!ht'.

<graphs/random/plot_USA-road-d.png, id=38, 616.4631pt x 398.2077pt>
File: graphs/random/plot_USA-road-d.png Graphic file (type png)
<use graphs/random/plot_USA-road-d.png>
Package pdftex.def Info: graphs/random/plot_USA-road-d.png  used on input line 
175.
(pdftex.def)             Requested size: 409.71692pt x 264.66504pt.

LaTeX Warning: `!h' float specifier changed to `!ht'.


LaTeX Warning: `!h' float specifier changed to `!ht'.


LaTeX Warning: Float too large for page by 9.17374pt on input line 302.


LaTeX Warning: `!h' float specifier changed to `!ht'.


LaTeX Warning: `!h' float specifier changed to `!ht'.



[4 <./graphs/single/plot_Long-C.png>]

[5 <./graphs/random/plot_Long-C.png> <./graphs/single/plot_Long-n.png>]

[6 <./graphs/random/plot_Long-n.png> <./graphs/single/plot_Random4-C.png>]

[7 <./graphs/random/plot_Random4-C.png> <./graphs/single/plot_Random4-n.png>]

[8 <./graphs/random/plot_Random4-n.png> <./graphs/single/plot_Square-C.png>]

[9 <./graphs/random/plot_Square-C.png> <./graphs/single/plot_Square-n.png>]

[10 <./graphs/random/plot_Square-n.png> <./graphs/single/plot_USA-road-d.png>]

[11 <./graphs/random/plot_USA-road-d.png>]

[12]

[13]

[14]

LaTeX Warning: Reference `tab:results_p2p_dist' on page 15 undefined on input l
ine 357.



[15

{/usr/local/texlive/2025/texmf-dist/fonts/enc/dvips/cm-super/cm-super-ts1.enc}]
 (./sprawozdanie_kp_lab3.aux)
 ***********
LaTeX2e <2024-11-01> patch level 2
L3 programming layer <2025-01-18>
 ***********


LaTeX Warning: There were undefined references.

 ) 
Here is how much of TeX's memory you used:
 4839 strings out of 473190
 76286 string characters out of 5715800
 496001 words of memory out of 5000000
 28034 multiletter control sequences out of 15000+600000
 575295 words of font info for 76 fonts, out of 8000000 for 9000
 1141 hyphenation exceptions out of 8191
 57i,10n,65p,676b,355s stack positions out of 10000i,1000n,20000p,200000b,200000s
</usr/local/texlive/2025/texmf-dist/fonts/type1/public/amsfonts/cm/cmbx10.pfb
></usr/local/texlive/2025/texmf-dist/fonts/type1/public/amsfonts/cm/cmbx8.pfb><
/usr/local/texlive/2025/texmf-dist/fonts/type1/public/amsfonts/cm/cmmi10.pfb></
usr/local/texlive/2025/texmf-dist/fonts/type1/public/amsfonts/cm/cmr10.pfb></us
r/local/texlive/2025/texmf-dist/fonts/type1/public/amsfonts/cm/cmsy10.pfb></usr
/local/texlive/2025/texmf-dist/fonts/type1/public/cm-super/sfbx1095.pfb></usr/l
ocal/texlive/2025/texmf-dist/fonts/type1/public/cm-super/sfbx1200.pfb></usr/loc
al/texlive/2025/texmf-dist/fonts/type1/public/cm-super/sfbx1440.pfb></usr/local
/texlive/2025/texmf-dist/fonts/type1/public/cm-super/sfrm0800.pfb></usr/local/t
exlive/2025/texmf-dist/fonts/type1/public/cm-super/sfrm1095.pfb></usr/local/tex
live/2025/texmf-dist/fonts/type1/public/cm-super/sfrm1200.pfb></usr/local/texli
ve/2025/texmf-dist/fonts/type1/public/cm-super/sfrm1728.pfb></usr/local/texlive
/2025/texmf-dist/fonts/type1/public/cm-super/sfti1095.pfb>
Output written on sprawozdanie_kp_lab3.pdf (15 pages, 2523145 bytes).
PDF statistics:
 152 PDF objects out of 1000 (max. 8388607)
 79 compressed objects within 1 object stream
 0 named destinations out of 1000 (max. 500000)
 71 words of extra memory for PDF output out of 10000 (max. 10000000)

